
> loan-crm@0.1.0 build
> next build

⚠ Warning: Next.js inferred your workspace root, but it may not be correct.
 We detected multiple lockfiles and selected the directory of /Users/harshraj/package-lock.json as the root directory.
 To silence this warning, set `turbopack.root` in your Next.js config, or consider removing one of the lockfiles if it's not needed.
   See https://nextjs.org/docs/app/api-reference/config/next-config-js/turbopack#root-directory for more information.
 Detected additional lockfiles: 
   * /Users/harshraj/Desktop/New Job Wrapepr GO POSTGRESS VIEW JS/Assignment/Loan CRM Assignment/loan-crm/package-lock.json

▲ Next.js 16.2.9 (Turbopack)

  Creating an optimized production build ...
✓ Compiled successfully in 4.1s
  Running TypeScript ...
Failed to type check.

./features/dashboard/components/DisbursalTrends.tsx:240:17
Type error: Type '(value: number) => [string, string]' is not assignable to type 'Formatter<ValueType, NameType> & ((value: ValueType, name: NameType, item: TooltipPayloadEntry, index: number, payload: TooltipPayload) => ReactNode | [...])'.
  Type '(value: number) => [string, string]' is not assignable to type 'Formatter<ValueType, NameType>'.
    Types of parameters 'value' and 'value' are incompatible.
      Type 'ValueType | undefined' is not assignable to type 'number'.
        Type 'undefined' is not assignable to type 'number'.

  [90m238 |[0m                 cursor={{ stroke: [32m'#94a3b8'[0m, strokeWidth: [35m1[0m, strokeDasharray: [32m'4 4'[0m }}
  [90m239 |[0m                 contentStyle={{ borderRadius: [32m'12px'[0m, border: [32m'1px solid #e2e8f0'[0m, boxSha...
[31m[1m>[0m [90m240 |[0m                 formatter={(value: number) => [formatCurrency(value), [32m'Disbursed'[0m]}
  [90m    |[0m                 [31m[1m^[0m
  [90m241 |[0m                 labelStyle={{ color: [32m'#0f172a'[0m, fontWeight: [35m600[0m, marginBottom: [32m'4px'[0m }}
  [90m242 |[0m               />
  [90m243 |[0m               <[33mArea[0m
Next.js build worker exited with code: 1 and signal: null
